{"C:\\Users\\User\\Desktop\\Soccer-association-project\\project\\main.js": {"path":"C:\\Users\\User\\Desktop\\Soccer-association-project\\project\\main.js","statementMap":{"0":{"start":{"line":2,"column":16},"end":{"line":2,"column":49}},"1":{"start":{"line":5,"column":0},"end":{"line":5,"column":27}},"2":{"start":{"line":8,"column":14},"end":{"line":8,"column":32}},"3":{"start":{"line":9,"column":11},"end":{"line":9,"column":26}},"4":{"start":{"line":10,"column":16},"end":{"line":10,"column":42}},"5":{"start":{"line":11,"column":13},"end":{"line":11,"column":30}},"6":{"start":{"line":12,"column":11},"end":{"line":12,"column":26}},"7":{"start":{"line":14,"column":10},"end":{"line":14,"column":19}},"8":{"start":{"line":15,"column":0},"end":{"line":15,"column":23}},"9":{"start":{"line":16,"column":0},"end":{"line":16,"column":24}},"10":{"start":{"line":17,"column":0},"end":{"line":29,"column":2}},"11":{"start":{"line":30,"column":0},"end":{"line":30,"column":49}},"12":{"start":{"line":31,"column":0},"end":{"line":31,"column":56}},"13":{"start":{"line":35,"column":0},"end":{"line":35,"column":32}},"14":{"start":{"line":41,"column":19},"end":{"line":44,"column":1}},"15":{"start":{"line":47,"column":0},"end":{"line":47,"column":26}},"16":{"start":{"line":48,"column":0},"end":{"line":48,"column":35}},"17":{"start":{"line":50,"column":13},"end":{"line":50,"column":39}},"18":{"start":{"line":52,"column":13},"end":{"line":52,"column":37}},"19":{"start":{"line":53,"column":14},"end":{"line":53,"column":39}},"20":{"start":{"line":54,"column":15},"end":{"line":54,"column":41}},"21":{"start":{"line":55,"column":14},"end":{"line":55,"column":39}},"22":{"start":{"line":56,"column":29},"end":{"line":56,"column":69}},"23":{"start":{"line":80,"column":0},"end":{"line":80,"column":25}},"24":{"start":{"line":81,"column":0},"end":{"line":81,"column":27}},"25":{"start":{"line":82,"column":0},"end":{"line":82,"column":25}},"26":{"start":{"line":83,"column":0},"end":{"line":83,"column":54}},"27":{"start":{"line":84,"column":0},"end":{"line":84,"column":14}},"28":{"start":{"line":86,"column":0},"end":{"line":89,"column":3}},"29":{"start":{"line":87,"column":2},"end":{"line":87,"column":21}},"30":{"start":{"line":88,"column":2},"end":{"line":88,"column":50}},"31":{"start":{"line":91,"column":15},"end":{"line":93,"column":2}},"32":{"start":{"line":92,"column":2},"end":{"line":92,"column":47}},"33":{"start":{"line":101,"column":0},"end":{"line":101,"column":22}}},"fnMap":{"0":{"name":"(anonymous_0)","decl":{"start":{"line":86,"column":8},"end":{"line":86,"column":9}},"loc":{"start":{"line":86,"column":39},"end":{"line":89,"column":1}},"line":86},"1":{"name":"(anonymous_1)","decl":{"start":{"line":91,"column":32},"end":{"line":91,"column":33}},"loc":{"start":{"line":91,"column":38},"end":{"line":93,"column":1}},"line":91}},"branchMap":{"0":{"loc":{"start":{"line":50,"column":13},"end":{"line":50,"column":39}},"type":"binary-expr","locations":[{"start":{"line":50,"column":13},"end":{"line":50,"column":29}},{"start":{"line":50,"column":33},"end":{"line":50,"column":39}}],"line":50},"1":{"loc":{"start":{"line":88,"column":13},"end":{"line":88,"column":30}},"type":"binary-expr","locations":[{"start":{"line":88,"column":13},"end":{"line":88,"column":23}},{"start":{"line":88,"column":27},"end":{"line":88,"column":30}}],"line":88}},"s":{"0":1,"1":1,"2":1,"3":1,"4":1,"5":1,"6":1,"7":1,"8":1,"9":1,"10":1,"11":1,"12":1,"13":1,"14":1,"15":1,"16":1,"17":1,"18":1,"19":1,"20":1,"21":1,"22":1,"23":1,"24":1,"25":1,"26":1,"27":1,"28":1,"29":15,"30":15,"31":1,"32":1,"33":1},"f":{"0":15,"1":1},"b":{"0":[1,1],"1":[15,0]},"_coverageSchema":"1a1c01bbd47fc00a2c39e90264f33305004495a9","hash":"28848d9966b1102ed5422b12ee391358c87d01db"}
,"C:\\Users\\User\\Desktop\\Soccer-association-project\\project\\routes\\auth.js": {"path":"C:\\Users\\User\\Desktop\\Soccer-association-project\\project\\routes\\auth.js","statementMap":{"0":{"start":{"line":1,"column":14},"end":{"line":1,"column":32}},"1":{"start":{"line":2,"column":13},"end":{"line":2,"column":29}},"2":{"start":{"line":3,"column":16},"end":{"line":3,"column":50}},"3":{"start":{"line":4,"column":15},"end":{"line":4,"column":34}},"4":{"start":{"line":5,"column":18},"end":{"line":5,"column":49}},"5":{"start":{"line":176,"column":0},"end":{"line":196,"column":3}},"6":{"start":{"line":177,"column":2},"end":{"line":195,"column":3}},"7":{"start":{"line":178,"column":19},"end":{"line":178,"column":67}},"8":{"start":{"line":180,"column":4},"end":{"line":180,"column":22}},"9":{"start":{"line":184,"column":4},"end":{"line":186,"column":5}},"10":{"start":{"line":185,"column":6},"end":{"line":185,"column":71}},"11":{"start":{"line":189,"column":4},"end":{"line":189,"column":41}},"12":{"start":{"line":192,"column":4},"end":{"line":192,"column":44}},"13":{"start":{"line":194,"column":4},"end":{"line":194,"column":16}},"14":{"start":{"line":199,"column":0},"end":{"line":202,"column":3}},"15":{"start":{"line":200,"column":2},"end":{"line":200,"column":22}},"16":{"start":{"line":201,"column":2},"end":{"line":201,"column":59}},"17":{"start":{"line":204,"column":0},"end":{"line":204,"column":24}}},"fnMap":{"0":{"name":"(anonymous_0)","decl":{"start":{"line":176,"column":22},"end":{"line":176,"column":23}},"loc":{"start":{"line":176,"column":48},"end":{"line":196,"column":1}},"line":176},"1":{"name":"(anonymous_1)","decl":{"start":{"line":199,"column":23},"end":{"line":199,"column":24}},"loc":{"start":{"line":199,"column":43},"end":{"line":202,"column":1}},"line":199}},"branchMap":{"0":{"loc":{"start":{"line":184,"column":4},"end":{"line":186,"column":5}},"type":"if","locations":[{"start":{"line":184,"column":4},"end":{"line":186,"column":5}},{"start":{"line":184,"column":4},"end":{"line":186,"column":5}}],"line":184},"1":{"loc":{"start":{"line":184,"column":8},"end":{"line":184,"column":70}},"type":"binary-expr","locations":[{"start":{"line":184,"column":8},"end":{"line":184,"column":13}},{"start":{"line":184,"column":17},"end":{"line":184,"column":70}}],"line":184}},"s":{"0":1,"1":1,"2":1,"3":1,"4":1,"5":1,"6":20,"7":20,"8":20,"9":20,"10":3,"11":17,"12":17,"13":3,"14":1,"15":1,"16":1,"17":1},"f":{"0":20,"1":1},"b":{"0":[3,17],"1":[20,18]},"_coverageSchema":"1a1c01bbd47fc00a2c39e90264f33305004495a9","hash":"8c9f41d3b393d1813419af05e1269705c0fa5a95"}
,"C:\\Users\\User\\Desktop\\Soccer-association-project\\project\\routes\\league.js": {"path":"C:\\Users\\User\\Desktop\\Soccer-association-project\\project\\routes\\league.js","statementMap":{"0":{"start":{"line":1,"column":14},"end":{"line":1,"column":32}},"1":{"start":{"line":2,"column":13},"end":{"line":2,"column":29}},"2":{"start":{"line":14,"column":0},"end":{"line":14,"column":24}}},"fnMap":{},"branchMap":{},"s":{"0":1,"1":1,"2":1},"f":{},"b":{},"_coverageSchema":"1a1c01bbd47fc00a2c39e90264f33305004495a9","hash":"0d3bb6adf859b75533b79a5be7db56403df514b0"}
,"C:\\Users\\User\\Desktop\\Soccer-association-project\\project\\routes\\representive_manager.js": {"path":"C:\\Users\\User\\Desktop\\Soccer-association-project\\project\\routes\\representive_manager.js","statementMap":{"0":{"start":{"line":1,"column":14},"end":{"line":1,"column":32}},"1":{"start":{"line":2,"column":13},"end":{"line":2,"column":29}},"2":{"start":{"line":3,"column":22},"end":{"line":3,"column":54}},"3":{"start":{"line":4,"column":20},"end":{"line":4,"column":50}},"4":{"start":{"line":5,"column":22},"end":{"line":5,"column":57}},"5":{"start":{"line":6,"column":22},"end":{"line":6,"column":57}},"6":{"start":{"line":8,"column":35},"end":{"line":8,"column":80}},"7":{"start":{"line":12,"column":0},"end":{"line":25,"column":3}},"8":{"start":{"line":13,"column":4},"end":{"line":24,"column":5}},"9":{"start":{"line":14,"column":8},"end":{"line":21,"column":41}},"10":{"start":{"line":16,"column":16},"end":{"line":20,"column":75}},"11":{"start":{"line":17,"column":20},"end":{"line":17,"column":27}},"12":{"start":{"line":20,"column":20},"end":{"line":20,"column":75}},"13":{"start":{"line":21,"column":30},"end":{"line":21,"column":39}},"14":{"start":{"line":23,"column":8},"end":{"line":23,"column":45}},"15":{"start":{"line":27,"column":0},"end":{"line":77,"column":3}},"16":{"start":{"line":29,"column":4},"end":{"line":76,"column":5}},"17":{"start":{"line":31,"column":29},"end":{"line":31,"column":82}},"18":{"start":{"line":32,"column":30},"end":{"line":32,"column":84}},"19":{"start":{"line":33,"column":31},"end":{"line":33,"column":86}},"20":{"start":{"line":35,"column":8},"end":{"line":36,"column":81}},"21":{"start":{"line":36,"column":12},"end":{"line":36,"column":81}},"22":{"start":{"line":38,"column":8},"end":{"line":39,"column":139}},"23":{"start":{"line":39,"column":12},"end":{"line":39,"column":139}},"24":{"start":{"line":41,"column":8},"end":{"line":42,"column":79}},"25":{"start":{"line":42,"column":12},"end":{"line":42,"column":79}},"26":{"start":{"line":44,"column":22},"end":{"line":44,"column":69}},"27":{"start":{"line":45,"column":8},"end":{"line":47,"column":9}},"28":{"start":{"line":46,"column":12},"end":{"line":46,"column":67}},"29":{"start":{"line":48,"column":28},"end":{"line":48,"column":38}},"30":{"start":{"line":49,"column":22},"end":{"line":49,"column":43}},"31":{"start":{"line":50,"column":27},"end":{"line":50,"column":77}},"32":{"start":{"line":51,"column":27},"end":{"line":51,"column":91}},"33":{"start":{"line":53,"column":8},"end":{"line":55,"column":9}},"34":{"start":{"line":54,"column":12},"end":{"line":54,"column":76}},"35":{"start":{"line":57,"column":8},"end":{"line":59,"column":9}},"36":{"start":{"line":58,"column":12},"end":{"line":58,"column":92}},"37":{"start":{"line":61,"column":25},"end":{"line":61,"column":42}},"38":{"start":{"line":62,"column":23},"end":{"line":62,"column":171}},"39":{"start":{"line":63,"column":8},"end":{"line":72,"column":79}},"40":{"start":{"line":64,"column":12},"end":{"line":64,"column":96}},"41":{"start":{"line":65,"column":13},"end":{"line":72,"column":79}},"42":{"start":{"line":66,"column":12},"end":{"line":66,"column":102}},"43":{"start":{"line":67,"column":13},"end":{"line":72,"column":79}},"44":{"start":{"line":68,"column":12},"end":{"line":68,"column":103}},"45":{"start":{"line":72,"column":12},"end":{"line":72,"column":79}},"46":{"start":{"line":75,"column":8},"end":{"line":75,"column":20}},"47":{"start":{"line":80,"column":0},"end":{"line":106,"column":3}},"48":{"start":{"line":81,"column":4},"end":{"line":105,"column":5}},"49":{"start":{"line":82,"column":30},"end":{"line":82,"column":75}},"50":{"start":{"line":83,"column":29},"end":{"line":83,"column":104}},"51":{"start":{"line":84,"column":8},"end":{"line":86,"column":9}},"52":{"start":{"line":85,"column":12},"end":{"line":85,"column":71}},"53":{"start":{"line":87,"column":26},"end":{"line":87,"column":45}},"54":{"start":{"line":88,"column":45},"end":{"line":88,"column":115}},"55":{"start":{"line":89,"column":8},"end":{"line":91,"column":9}},"56":{"start":{"line":90,"column":12},"end":{"line":90,"column":87}},"57":{"start":{"line":93,"column":8},"end":{"line":98,"column":9}},"58":{"start":{"line":94,"column":12},"end":{"line":94,"column":124}},"59":{"start":{"line":96,"column":13},"end":{"line":98,"column":9}},"60":{"start":{"line":97,"column":12},"end":{"line":97,"column":124}},"61":{"start":{"line":99,"column":8},"end":{"line":102,"column":61}},"62":{"start":{"line":100,"column":12},"end":{"line":100,"column":68}},"63":{"start":{"line":102,"column":12},"end":{"line":102,"column":61}},"64":{"start":{"line":104,"column":8},"end":{"line":104,"column":20}},"65":{"start":{"line":109,"column":0},"end":{"line":109,"column":24}}},"fnMap":{"0":{"name":"(anonymous_0)","decl":{"start":{"line":12,"column":11},"end":{"line":12,"column":12}},"loc":{"start":{"line":12,"column":43},"end":{"line":25,"column":1}},"line":12},"1":{"name":"(anonymous_1)","decl":{"start":{"line":15,"column":18},"end":{"line":15,"column":19}},"loc":{"start":{"line":15,"column":27},"end":{"line":21,"column":13}},"line":15},"2":{"name":"(anonymous_2)","decl":{"start":{"line":21,"column":21},"end":{"line":21,"column":22}},"loc":{"start":{"line":21,"column":30},"end":{"line":21,"column":39}},"line":21},"3":{"name":"(anonymous_3)","decl":{"start":{"line":27,"column":35},"end":{"line":27,"column":36}},"loc":{"start":{"line":27,"column":61},"end":{"line":77,"column":1}},"line":27},"4":{"name":"(anonymous_4)","decl":{"start":{"line":80,"column":27},"end":{"line":80,"column":28}},"loc":{"start":{"line":80,"column":53},"end":{"line":106,"column":1}},"line":80}},"branchMap":{"0":{"loc":{"start":{"line":13,"column":4},"end":{"line":24,"column":5}},"type":"if","locations":[{"start":{"line":13,"column":4},"end":{"line":24,"column":5}},{"start":{"line":13,"column":4},"end":{"line":24,"column":5}}],"line":13},"1":{"loc":{"start":{"line":13,"column":8},"end":{"line":13,"column":43}},"type":"binary-expr","locations":[{"start":{"line":13,"column":8},"end":{"line":13,"column":19}},{"start":{"line":13,"column":23},"end":{"line":13,"column":43}}],"line":13},"2":{"loc":{"start":{"line":16,"column":16},"end":{"line":20,"column":75}},"type":"if","locations":[{"start":{"line":16,"column":16},"end":{"line":20,"column":75}},{"start":{"line":16,"column":16},"end":{"line":20,"column":75}}],"line":16},"3":{"loc":{"start":{"line":35,"column":8},"end":{"line":36,"column":81}},"type":"if","locations":[{"start":{"line":35,"column":8},"end":{"line":36,"column":81}},{"start":{"line":35,"column":8},"end":{"line":36,"column":81}}],"line":35},"4":{"loc":{"start":{"line":35,"column":12},"end":{"line":35,"column":95}},"type":"binary-expr","locations":[{"start":{"line":35,"column":12},"end":{"line":35,"column":36}},{"start":{"line":35,"column":40},"end":{"line":35,"column":65}},{"start":{"line":35,"column":69},"end":{"line":35,"column":95}}],"line":35},"5":{"loc":{"start":{"line":38,"column":8},"end":{"line":39,"column":139}},"type":"if","locations":[{"start":{"line":38,"column":8},"end":{"line":39,"column":139}},{"start":{"line":38,"column":8},"end":{"line":39,"column":139}}],"line":38},"6":{"loc":{"start":{"line":38,"column":12},"end":{"line":38,"column":129}},"type":"binary-expr","locations":[{"start":{"line":38,"column":12},"end":{"line":38,"column":50}},{"start":{"line":38,"column":54},"end":{"line":38,"column":89}},{"start":{"line":38,"column":93},"end":{"line":38,"column":129}}],"line":38},"7":{"loc":{"start":{"line":41,"column":8},"end":{"line":42,"column":79}},"type":"if","locations":[{"start":{"line":41,"column":8},"end":{"line":42,"column":79}},{"start":{"line":41,"column":8},"end":{"line":42,"column":79}}],"line":41},"8":{"loc":{"start":{"line":45,"column":8},"end":{"line":47,"column":9}},"type":"if","locations":[{"start":{"line":45,"column":8},"end":{"line":47,"column":9}},{"start":{"line":45,"column":8},"end":{"line":47,"column":9}}],"line":45},"9":{"loc":{"start":{"line":53,"column":8},"end":{"line":55,"column":9}},"type":"if","locations":[{"start":{"line":53,"column":8},"end":{"line":55,"column":9}},{"start":{"line":53,"column":8},"end":{"line":55,"column":9}}],"line":53},"10":{"loc":{"start":{"line":57,"column":8},"end":{"line":59,"column":9}},"type":"if","locations":[{"start":{"line":57,"column":8},"end":{"line":59,"column":9}},{"start":{"line":57,"column":8},"end":{"line":59,"column":9}}],"line":57},"11":{"loc":{"start":{"line":57,"column":12},"end":{"line":57,"column":120}},"type":"binary-expr","locations":[{"start":{"line":57,"column":12},"end":{"line":57,"column":41}},{"start":{"line":57,"column":45},"end":{"line":57,"column":80}},{"start":{"line":57,"column":84},"end":{"line":57,"column":120}}],"line":57},"12":{"loc":{"start":{"line":63,"column":8},"end":{"line":72,"column":79}},"type":"if","locations":[{"start":{"line":63,"column":8},"end":{"line":72,"column":79}},{"start":{"line":63,"column":8},"end":{"line":72,"column":79}}],"line":63},"13":{"loc":{"start":{"line":65,"column":13},"end":{"line":72,"column":79}},"type":"if","locations":[{"start":{"line":65,"column":13},"end":{"line":72,"column":79}},{"start":{"line":65,"column":13},"end":{"line":72,"column":79}}],"line":65},"14":{"loc":{"start":{"line":67,"column":13},"end":{"line":72,"column":79}},"type":"if","locations":[{"start":{"line":67,"column":13},"end":{"line":72,"column":79}},{"start":{"line":67,"column":13},"end":{"line":72,"column":79}}],"line":67},"15":{"loc":{"start":{"line":84,"column":8},"end":{"line":86,"column":9}},"type":"if","locations":[{"start":{"line":84,"column":8},"end":{"line":86,"column":9}},{"start":{"line":84,"column":8},"end":{"line":86,"column":9}}],"line":84},"16":{"loc":{"start":{"line":89,"column":8},"end":{"line":91,"column":9}},"type":"if","locations":[{"start":{"line":89,"column":8},"end":{"line":91,"column":9}},{"start":{"line":89,"column":8},"end":{"line":91,"column":9}}],"line":89},"17":{"loc":{"start":{"line":93,"column":8},"end":{"line":98,"column":9}},"type":"if","locations":[{"start":{"line":93,"column":8},"end":{"line":98,"column":9}},{"start":{"line":93,"column":8},"end":{"line":98,"column":9}}],"line":93},"18":{"loc":{"start":{"line":96,"column":13},"end":{"line":98,"column":9}},"type":"if","locations":[{"start":{"line":96,"column":13},"end":{"line":98,"column":9}},{"start":{"line":96,"column":13},"end":{"line":98,"column":9}}],"line":96},"19":{"loc":{"start":{"line":99,"column":8},"end":{"line":102,"column":61}},"type":"if","locations":[{"start":{"line":99,"column":8},"end":{"line":102,"column":61}},{"start":{"line":99,"column":8},"end":{"line":102,"column":61}}],"line":99}},"s":{"0":1,"1":1,"2":1,"3":1,"4":1,"5":1,"6":1,"7":1,"8":16,"9":16,"10":16,"11":16,"12":0,"13":0,"14":0,"15":1,"16":11,"17":11,"18":11,"19":11,"20":11,"21":1,"22":10,"23":2,"24":8,"25":1,"26":7,"27":7,"28":1,"29":6,"30":6,"31":6,"32":6,"33":6,"34":1,"35":5,"36":1,"37":4,"38":4,"39":4,"40":1,"41":3,"42":1,"43":2,"44":1,"45":1,"46":10,"47":1,"48":5,"49":5,"50":5,"51":5,"52":1,"53":4,"54":4,"55":4,"56":1,"57":3,"58":2,"59":1,"60":1,"61":3,"62":2,"63":1,"64":2,"65":1},"f":{"0":16,"1":16,"2":0,"3":11,"4":5},"b":{"0":[16,0],"1":[16,16],"2":[16,0],"3":[1,10],"4":[11,10,10],"5":[2,8],"6":[10,9,8],"7":[1,7],"8":[1,6],"9":[1,5],"10":[1,4],"11":[5,4,4],"12":[1,3],"13":[1,2],"14":[1,1],"15":[1,4],"16":[1,3],"17":[2,1],"18":[1,0],"19":[2,1]},"_coverageSchema":"1a1c01bbd47fc00a2c39e90264f33305004495a9","hash":"176820c117741b045ec9d1265d7b95a2bd245a2d"}
,"C:\\Users\\User\\Desktop\\Soccer-association-project\\project\\routes\\teams.js": {"path":"C:\\Users\\User\\Desktop\\Soccer-association-project\\project\\routes\\teams.js","statementMap":{"0":{"start":{"line":1,"column":14},"end":{"line":1,"column":32}},"1":{"start":{"line":2,"column":13},"end":{"line":2,"column":29}},"2":{"start":{"line":17,"column":0},"end":{"line":17,"column":24}}},"fnMap":{},"branchMap":{},"s":{"0":1,"1":1,"2":1},"f":{},"b":{},"_coverageSchema":"1a1c01bbd47fc00a2c39e90264f33305004495a9","hash":"a0f0f12b6397b94ec0494d37f282202f2a5f828f"}
,"C:\\Users\\User\\Desktop\\Soccer-association-project\\project\\routes\\users.js": {"path":"C:\\Users\\User\\Desktop\\Soccer-association-project\\project\\routes\\users.js","statementMap":{"0":{"start":{"line":1,"column":14},"end":{"line":1,"column":32}},"1":{"start":{"line":2,"column":13},"end":{"line":2,"column":29}},"2":{"start":{"line":56,"column":0},"end":{"line":56,"column":24}}},"fnMap":{},"branchMap":{},"s":{"0":1,"1":1,"2":1},"f":{},"b":{},"_coverageSchema":"1a1c01bbd47fc00a2c39e90264f33305004495a9","hash":"fa6bd4d02f298a0a70aa44ad8edc1ee42b3c2c3e"}
,"C:\\Users\\User\\Desktop\\Soccer-association-project\\project\\routes\\utils\\DButils.js": {"path":"C:\\Users\\User\\Desktop\\Soccer-association-project\\project\\routes\\utils\\DButils.js","statementMap":{"0":{"start":{"line":1,"column":0},"end":{"line":1,"column":27}},"1":{"start":{"line":2,"column":12},"end":{"line":2,"column":28}},"2":{"start":{"line":4,"column":15},"end":{"line":13,"column":1}},"3":{"start":{"line":14,"column":13},"end":{"line":14,"column":43}},"4":{"start":{"line":15,"column":20},"end":{"line":15,"column":34}},"5":{"start":{"line":17,"column":0},"end":{"line":26,"column":2}},"6":{"start":{"line":18,"column":2},"end":{"line":18,"column":20}},"7":{"start":{"line":19,"column":2},"end":{"line":25,"column":3}},"8":{"start":{"line":20,"column":17},"end":{"line":20,"column":50}},"9":{"start":{"line":21,"column":4},"end":{"line":21,"column":28}},"10":{"start":{"line":23,"column":4},"end":{"line":23,"column":36}},"11":{"start":{"line":24,"column":4},"end":{"line":24,"column":14}}},"fnMap":{"0":{"name":"(anonymous_0)","decl":{"start":{"line":17,"column":20},"end":{"line":17,"column":21}},"loc":{"start":{"line":17,"column":43},"end":{"line":26,"column":1}},"line":17}},"branchMap":{},"s":{"0":7,"1":7,"2":7,"3":7,"4":7,"5":7,"6":164,"7":164,"8":164,"9":164,"10":0,"11":0},"f":{"0":164},"b":{},"_coverageSchema":"1a1c01bbd47fc00a2c39e90264f33305004495a9","hash":"e64247d79e380dbbcda746038dca74efe1a3e987"}
,"C:\\Users\\User\\Desktop\\Soccer-association-project\\project\\routes\\utils\\authUtils.js": {"path":"C:\\Users\\User\\Desktop\\Soccer-association-project\\project\\routes\\utils\\authUtils.js","statementMap":{"0":{"start":{"line":1,"column":16},"end":{"line":1,"column":36}},"1":{"start":{"line":9,"column":4},"end":{"line":12,"column":5}},"2":{"start":{"line":10,"column":8},"end":{"line":10,"column":53}},"3":{"start":{"line":11,"column":8},"end":{"line":11,"column":17}},"4":{"start":{"line":13,"column":17},"end":{"line":15,"column":5}},"5":{"start":{"line":16,"column":4},"end":{"line":18,"column":5}},"6":{"start":{"line":17,"column":8},"end":{"line":17,"column":25}},"7":{"start":{"line":19,"column":4},"end":{"line":19,"column":13}},"8":{"start":{"line":23,"column":0},"end":{"line":23,"column":38}}},"fnMap":{"0":{"name":"existUsername","decl":{"start":{"line":8,"column":15},"end":{"line":8,"column":28}},"loc":{"start":{"line":8,"column":39},"end":{"line":21,"column":1}},"line":8}},"branchMap":{"0":{"loc":{"start":{"line":9,"column":4},"end":{"line":12,"column":5}},"type":"if","locations":[{"start":{"line":9,"column":4},"end":{"line":12,"column":5}},{"start":{"line":9,"column":4},"end":{"line":12,"column":5}}],"line":9},"1":{"loc":{"start":{"line":9,"column":8},"end":{"line":9,"column":44}},"type":"binary-expr","locations":[{"start":{"line":9,"column":8},"end":{"line":9,"column":25}},{"start":{"line":9,"column":29},"end":{"line":9,"column":44}}],"line":9},"2":{"loc":{"start":{"line":16,"column":4},"end":{"line":18,"column":5}},"type":"if","locations":[{"start":{"line":16,"column":4},"end":{"line":18,"column":5}},{"start":{"line":16,"column":4},"end":{"line":18,"column":5}}],"line":16}},"s":{"0":3,"1":25,"2":2,"3":2,"4":23,"5":23,"6":19,"7":4,"8":3},"f":{"0":25},"b":{"0":[2,23],"1":[25,24],"2":[19,4]},"_coverageSchema":"1a1c01bbd47fc00a2c39e90264f33305004495a9","hash":"97be52266df08393fce117d7a910b763bc8df4b6"}
,"C:\\Users\\User\\Desktop\\Soccer-association-project\\project\\routes\\utils\\matches_utils.js": {"path":"C:\\Users\\User\\Desktop\\Soccer-association-project\\project\\routes\\utils\\matches_utils.js","statementMap":{"0":{"start":{"line":1,"column":16},"end":{"line":1,"column":36}},"1":{"start":{"line":4,"column":2},"end":{"line":6,"column":3}},"2":{"start":{"line":5,"column":4},"end":{"line":5,"column":76}},"3":{"start":{"line":8,"column":4},"end":{"line":10,"column":5}},"4":{"start":{"line":13,"column":2},"end":{"line":13,"column":15}},"5":{"start":{"line":25,"column":4},"end":{"line":25,"column":124}},"6":{"start":{"line":27,"column":2},"end":{"line":27,"column":19}},"7":{"start":{"line":31,"column":2},"end":{"line":33,"column":15}},"8":{"start":{"line":33,"column":4},"end":{"line":33,"column":15}},"9":{"start":{"line":34,"column":2},"end":{"line":40,"column":3}},"10":{"start":{"line":37,"column":19},"end":{"line":37,"column":74}},"11":{"start":{"line":38,"column":4},"end":{"line":38,"column":215}},"12":{"start":{"line":39,"column":4},"end":{"line":39,"column":15}},"13":{"start":{"line":41,"column":2},"end":{"line":41,"column":13}},"14":{"start":{"line":46,"column":0},"end":{"line":46,"column":28}},"15":{"start":{"line":48,"column":0},"end":{"line":48,"column":28}},"16":{"start":{"line":49,"column":0},"end":{"line":49,"column":48}}},"fnMap":{"0":{"name":"getMatch","decl":{"start":{"line":3,"column":15},"end":{"line":3,"column":23}},"loc":{"start":{"line":3,"column":34},"end":{"line":14,"column":1}},"line":3},"1":{"name":"getMatchesByseason","decl":{"start":{"line":23,"column":15},"end":{"line":23,"column":33}},"loc":{"start":{"line":23,"column":58},"end":{"line":28,"column":1}},"line":23},"2":{"name":"setMatch","decl":{"start":{"line":30,"column":15},"end":{"line":30,"column":23}},"loc":{"start":{"line":30,"column":90},"end":{"line":43,"column":1}},"line":30}},"branchMap":{"0":{"loc":{"start":{"line":4,"column":2},"end":{"line":6,"column":3}},"type":"if","locations":[{"start":{"line":4,"column":2},"end":{"line":6,"column":3}},{"start":{"line":4,"column":2},"end":{"line":6,"column":3}}],"line":4},"1":{"loc":{"start":{"line":4,"column":6},"end":{"line":4,"column":74}},"type":"binary-expr","locations":[{"start":{"line":4,"column":6},"end":{"line":4,"column":22}},{"start":{"line":4,"column":26},"end":{"line":4,"column":40}},{"start":{"line":4,"column":44},"end":{"line":4,"column":74}}],"line":4},"2":{"loc":{"start":{"line":31,"column":2},"end":{"line":33,"column":15}},"type":"if","locations":[{"start":{"line":31,"column":2},"end":{"line":33,"column":15}},{"start":{"line":31,"column":2},"end":{"line":33,"column":15}}],"line":31},"3":{"loc":{"start":{"line":31,"column":6},"end":{"line":32,"column":123}},"type":"binary-expr","locations":[{"start":{"line":31,"column":6},"end":{"line":31,"column":23}},{"start":{"line":31,"column":27},"end":{"line":31,"column":42}},{"start":{"line":31,"column":46},"end":{"line":31,"column":62}},{"start":{"line":31,"column":66},"end":{"line":31,"column":80}},{"start":{"line":31,"column":84},"end":{"line":31,"column":102}},{"start":{"line":31,"column":106},"end":{"line":31,"column":122}},{"start":{"line":32,"column":7},"end":{"line":32,"column":22}},{"start":{"line":32,"column":26},"end":{"line":32,"column":39}},{"start":{"line":32,"column":43},"end":{"line":32,"column":62}},{"start":{"line":32,"column":66},"end":{"line":32,"column":83}},{"start":{"line":32,"column":87},"end":{"line":32,"column":104}},{"start":{"line":32,"column":108},"end":{"line":32,"column":123}}],"line":31},"4":{"loc":{"start":{"line":34,"column":2},"end":{"line":40,"column":3}},"type":"if","locations":[{"start":{"line":34,"column":2},"end":{"line":40,"column":3}},{"start":{"line":34,"column":2},"end":{"line":40,"column":3}}],"line":34},"5":{"loc":{"start":{"line":34,"column":6},"end":{"line":36,"column":104}},"type":"binary-expr","locations":[{"start":{"line":34,"column":6},"end":{"line":34,"column":32}},{"start":{"line":34,"column":36},"end":{"line":34,"column":68}},{"start":{"line":34,"column":72},"end":{"line":34,"column":102}},{"start":{"line":35,"column":4},"end":{"line":35,"column":31}},{"start":{"line":35,"column":35},"end":{"line":35,"column":99}},{"start":{"line":36,"column":4},"end":{"line":36,"column":68}},{"start":{"line":36,"column":72},"end":{"line":36,"column":104}}],"line":34}},"s":{"0":5,"1":11,"2":3,"3":8,"4":8,"5":6,"6":6,"7":27,"8":1,"9":26,"10":25,"11":25,"12":25,"13":1,"14":5,"15":5,"16":5},"f":{"0":11,"1":6,"2":27},"b":{"0":[3,8],"1":[11,11,10],"2":[1,26],"3":[27,27,26,26,26,26,26,26,26,26,26,26],"4":[25,1],"5":[26,26,25,25,25,25,25]},"_coverageSchema":"1a1c01bbd47fc00a2c39e90264f33305004495a9","hash":"6b778d69a1eda4b6b96cc0e8f1bd20ecb0a29da9"}
,"C:\\Users\\User\\Desktop\\Soccer-association-project\\project\\routes\\utils\\referee_utils.js": {"path":"C:\\Users\\User\\Desktop\\Soccer-association-project\\project\\routes\\utils\\referee_utils.js","statementMap":{"0":{"start":{"line":1,"column":16},"end":{"line":1,"column":36}},"1":{"start":{"line":4,"column":2},"end":{"line":6,"column":3}},"2":{"start":{"line":5,"column":4},"end":{"line":5,"column":60}},"3":{"start":{"line":8,"column":6},"end":{"line":10,"column":7}},"4":{"start":{"line":12,"column":2},"end":{"line":12,"column":17}},"5":{"start":{"line":15,"column":0},"end":{"line":15,"column":32}}},"fnMap":{"0":{"name":"getReferee","decl":{"start":{"line":3,"column":15},"end":{"line":3,"column":25}},"loc":{"start":{"line":3,"column":36},"end":{"line":13,"column":1}},"line":3}},"branchMap":{"0":{"loc":{"start":{"line":4,"column":2},"end":{"line":6,"column":3}},"type":"if","locations":[{"start":{"line":4,"column":2},"end":{"line":6,"column":3}},{"start":{"line":4,"column":2},"end":{"line":6,"column":3}}],"line":4},"1":{"loc":{"start":{"line":4,"column":5},"end":{"line":4,"column":39}},"type":"binary-expr","locations":[{"start":{"line":4,"column":5},"end":{"line":4,"column":21}},{"start":{"line":4,"column":25},"end":{"line":4,"column":39}}],"line":4}},"s":{"0":2,"1":35,"2":1,"3":34,"4":34,"5":2},"f":{"0":35},"b":{"0":[1,34],"1":[35,35]},"_coverageSchema":"1a1c01bbd47fc00a2c39e90264f33305004495a9","hash":"859a0e055901d6bdec486650cd02dcdf8e137e72"}
,"C:\\Users\\User\\Desktop\\Soccer-association-project\\project\\routes\\utils\\representive_manager_utils.js": {"path":"C:\\Users\\User\\Desktop\\Soccer-association-project\\project\\routes\\utils\\representive_manager_utils.js","statementMap":{"0":{"start":{"line":1,"column":16},"end":{"line":1,"column":36}},"1":{"start":{"line":2,"column":22},"end":{"line":2,"column":51}},"2":{"start":{"line":5,"column":16},"end":{"line":7,"column":5}},"3":{"start":{"line":8,"column":4},"end":{"line":8,"column":18}},"4":{"start":{"line":13,"column":31},"end":{"line":17,"column":5}},"5":{"start":{"line":19,"column":30},"end":{"line":21,"column":5}},"6":{"start":{"line":22,"column":4},"end":{"line":24,"column":5}},"7":{"start":{"line":23,"column":8},"end":{"line":23,"column":66}},"8":{"start":{"line":27,"column":4},"end":{"line":36,"column":5}},"9":{"start":{"line":27,"column":17},"end":{"line":27,"column":18}},"10":{"start":{"line":28,"column":8},"end":{"line":35,"column":9}},"11":{"start":{"line":29,"column":12},"end":{"line":34,"column":25}},"12":{"start":{"line":30,"column":16},"end":{"line":30,"column":25}},"13":{"start":{"line":31,"column":17},"end":{"line":34,"column":25}},"14":{"start":{"line":32,"column":16},"end":{"line":32,"column":25}},"15":{"start":{"line":34,"column":16},"end":{"line":34,"column":25}},"16":{"start":{"line":37,"column":4},"end":{"line":41,"column":6}},"17":{"start":{"line":42,"column":4},"end":{"line":42,"column":13}},"18":{"start":{"line":46,"column":4},"end":{"line":47,"column":110}},"19":{"start":{"line":47,"column":8},"end":{"line":47,"column":110}},"20":{"start":{"line":49,"column":4},"end":{"line":56,"column":71}},"21":{"start":{"line":50,"column":8},"end":{"line":53,"column":9}},"22":{"start":{"line":52,"column":12},"end":{"line":52,"column":24}},"23":{"start":{"line":56,"column":8},"end":{"line":56,"column":71}},"24":{"start":{"line":57,"column":4},"end":{"line":57,"column":17}},"25":{"start":{"line":63,"column":4},"end":{"line":65,"column":19}},"26":{"start":{"line":65,"column":8},"end":{"line":65,"column":19}},"27":{"start":{"line":66,"column":4},"end":{"line":73,"column":5}},"28":{"start":{"line":67,"column":8},"end":{"line":67,"column":39}},"29":{"start":{"line":68,"column":8},"end":{"line":69,"column":23}},"30":{"start":{"line":69,"column":12},"end":{"line":69,"column":23}},"31":{"start":{"line":72,"column":8},"end":{"line":72,"column":19}},"32":{"start":{"line":76,"column":22},"end":{"line":76,"column":49}},"33":{"start":{"line":77,"column":15},"end":{"line":77,"column":25}},"34":{"start":{"line":78,"column":23},"end":{"line":78,"column":41}},"35":{"start":{"line":79,"column":4},"end":{"line":81,"column":5}},"36":{"start":{"line":80,"column":8},"end":{"line":80,"column":19}},"37":{"start":{"line":82,"column":20},"end":{"line":82,"column":39}},"38":{"start":{"line":83,"column":16},"end":{"line":83,"column":17}},"39":{"start":{"line":84,"column":4},"end":{"line":87,"column":5}},"40":{"start":{"line":85,"column":8},"end":{"line":85,"column":19}},"41":{"start":{"line":88,"column":16},"end":{"line":88,"column":18}},"42":{"start":{"line":89,"column":21},"end":{"line":89,"column":86}},"43":{"start":{"line":91,"column":4},"end":{"line":117,"column":5}},"44":{"start":{"line":92,"column":8},"end":{"line":97,"column":9}},"45":{"start":{"line":93,"column":12},"end":{"line":93,"column":35}},"46":{"start":{"line":96,"column":12},"end":{"line":96,"column":26}},"47":{"start":{"line":98,"column":18},"end":{"line":98,"column":21}},"48":{"start":{"line":99,"column":8},"end":{"line":116,"column":9}},"49":{"start":{"line":100,"column":12},"end":{"line":115,"column":13}},"50":{"start":{"line":102,"column":33},"end":{"line":102,"column":91}},"51":{"start":{"line":104,"column":16},"end":{"line":113,"column":17}},"52":{"start":{"line":105,"column":20},"end":{"line":105,"column":66}},"53":{"start":{"line":106,"column":20},"end":{"line":106,"column":64}},"54":{"start":{"line":107,"column":20},"end":{"line":107,"column":64}},"55":{"start":{"line":110,"column":20},"end":{"line":110,"column":65}},"56":{"start":{"line":111,"column":20},"end":{"line":111,"column":65}},"57":{"start":{"line":112,"column":20},"end":{"line":112,"column":63}},"58":{"start":{"line":114,"column":16},"end":{"line":114,"column":117}},"59":{"start":{"line":118,"column":4},"end":{"line":118,"column":15}},"60":{"start":{"line":122,"column":0},"end":{"line":122,"column":24}},"61":{"start":{"line":123,"column":0},"end":{"line":123,"column":48}},"62":{"start":{"line":126,"column":0},"end":{"line":126,"column":38}},"63":{"start":{"line":127,"column":0},"end":{"line":127,"column":34}}},"fnMap":{"0":{"name":"getRFA","decl":{"start":{"line":4,"column":15},"end":{"line":4,"column":21}},"loc":{"start":{"line":4,"column":24},"end":{"line":9,"column":1}},"line":4},"1":{"name":"addRefereesToMatch","decl":{"start":{"line":11,"column":15},"end":{"line":11,"column":33}},"loc":{"start":{"line":11,"column":108},"end":{"line":43,"column":1}},"line":11},"2":{"name":"isRefereeBusy","decl":{"start":{"line":45,"column":15},"end":{"line":45,"column":28}},"loc":{"start":{"line":45,"column":60},"end":{"line":59,"column":1}},"line":45},"3":{"name":"setByPolicy","decl":{"start":{"line":62,"column":15},"end":{"line":62,"column":26}},"loc":{"start":{"line":62,"column":79},"end":{"line":119,"column":1}},"line":62}},"branchMap":{"0":{"loc":{"start":{"line":22,"column":4},"end":{"line":24,"column":5}},"type":"if","locations":[{"start":{"line":22,"column":4},"end":{"line":24,"column":5}},{"start":{"line":22,"column":4},"end":{"line":24,"column":5}}],"line":22},"1":{"loc":{"start":{"line":28,"column":8},"end":{"line":35,"column":9}},"type":"if","locations":[{"start":{"line":28,"column":8},"end":{"line":35,"column":9}},{"start":{"line":28,"column":8},"end":{"line":35,"column":9}}],"line":28},"2":{"loc":{"start":{"line":29,"column":12},"end":{"line":34,"column":25}},"type":"if","locations":[{"start":{"line":29,"column":12},"end":{"line":34,"column":25}},{"start":{"line":29,"column":12},"end":{"line":34,"column":25}}],"line":29},"3":{"loc":{"start":{"line":31,"column":17},"end":{"line":34,"column":25}},"type":"if","locations":[{"start":{"line":31,"column":17},"end":{"line":34,"column":25}},{"start":{"line":31,"column":17},"end":{"line":34,"column":25}}],"line":31},"4":{"loc":{"start":{"line":31,"column":21},"end":{"line":31,"column":156}},"type":"binary-expr","locations":[{"start":{"line":31,"column":21},"end":{"line":31,"column":86}},{"start":{"line":31,"column":90},"end":{"line":31,"column":156}}],"line":31},"5":{"loc":{"start":{"line":46,"column":4},"end":{"line":47,"column":110}},"type":"if","locations":[{"start":{"line":46,"column":4},"end":{"line":47,"column":110}},{"start":{"line":46,"column":4},"end":{"line":47,"column":110}}],"line":46},"6":{"loc":{"start":{"line":46,"column":8},"end":{"line":46,"column":102}},"type":"binary-expr","locations":[{"start":{"line":46,"column":8},"end":{"line":46,"column":26}},{"start":{"line":46,"column":30},"end":{"line":46,"column":55}},{"start":{"line":46,"column":59},"end":{"line":46,"column":75}},{"start":{"line":46,"column":79},"end":{"line":46,"column":102}}],"line":46},"7":{"loc":{"start":{"line":49,"column":4},"end":{"line":56,"column":71}},"type":"if","locations":[{"start":{"line":49,"column":4},"end":{"line":56,"column":71}},{"start":{"line":49,"column":4},"end":{"line":56,"column":71}}],"line":49},"8":{"loc":{"start":{"line":49,"column":8},"end":{"line":49,"column":142}},"type":"binary-expr","locations":[{"start":{"line":49,"column":8},"end":{"line":49,"column":41}},{"start":{"line":49,"column":45},"end":{"line":49,"column":71}},{"start":{"line":49,"column":75},"end":{"line":49,"column":103}},{"start":{"line":49,"column":107},"end":{"line":49,"column":142}}],"line":49},"9":{"loc":{"start":{"line":50,"column":8},"end":{"line":53,"column":9}},"type":"if","locations":[{"start":{"line":50,"column":8},"end":{"line":53,"column":9}},{"start":{"line":50,"column":8},"end":{"line":53,"column":9}}],"line":50},"10":{"loc":{"start":{"line":50,"column":12},"end":{"line":51,"column":63}},"type":"binary-expr","locations":[{"start":{"line":50,"column":12},"end":{"line":50,"column":71}},{"start":{"line":50,"column":75},"end":{"line":50,"column":128}},{"start":{"line":51,"column":12},"end":{"line":51,"column":63}}],"line":50},"11":{"loc":{"start":{"line":63,"column":4},"end":{"line":65,"column":19}},"type":"if","locations":[{"start":{"line":63,"column":4},"end":{"line":65,"column":19}},{"start":{"line":63,"column":4},"end":{"line":65,"column":19}}],"line":63},"12":{"loc":{"start":{"line":63,"column":8},"end":{"line":64,"column":31}},"type":"binary-expr","locations":[{"start":{"line":63,"column":8},"end":{"line":63,"column":26}},{"start":{"line":63,"column":30},"end":{"line":63,"column":52}},{"start":{"line":63,"column":56},"end":{"line":63,"column":76}},{"start":{"line":63,"column":80},"end":{"line":63,"column":96}},{"start":{"line":63,"column":100},"end":{"line":63,"column":118}},{"start":{"line":63,"column":122},"end":{"line":63,"column":140}},{"start":{"line":63,"column":144},"end":{"line":63,"column":164}},{"start":{"line":64,"column":11},"end":{"line":64,"column":31}}],"line":63},"13":{"loc":{"start":{"line":66,"column":4},"end":{"line":73,"column":5}},"type":"if","locations":[{"start":{"line":66,"column":4},"end":{"line":73,"column":5}},{"start":{"line":66,"column":4},"end":{"line":73,"column":5}}],"line":66},"14":{"loc":{"start":{"line":68,"column":8},"end":{"line":69,"column":23}},"type":"if","locations":[{"start":{"line":68,"column":8},"end":{"line":69,"column":23}},{"start":{"line":68,"column":8},"end":{"line":69,"column":23}}],"line":68},"15":{"loc":{"start":{"line":68,"column":12},"end":{"line":68,"column":124}},"type":"binary-expr","locations":[{"start":{"line":68,"column":12},"end":{"line":68,"column":42}},{"start":{"line":68,"column":46},"end":{"line":68,"column":76}},{"start":{"line":68,"column":80},"end":{"line":68,"column":124}}],"line":68},"16":{"loc":{"start":{"line":79,"column":4},"end":{"line":81,"column":5}},"type":"if","locations":[{"start":{"line":79,"column":4},"end":{"line":81,"column":5}},{"start":{"line":79,"column":4},"end":{"line":81,"column":5}}],"line":79},"17":{"loc":{"start":{"line":84,"column":4},"end":{"line":87,"column":5}},"type":"if","locations":[{"start":{"line":84,"column":4},"end":{"line":87,"column":5}},{"start":{"line":84,"column":4},"end":{"line":87,"column":5}}],"line":84},"18":{"loc":{"start":{"line":84,"column":8},"end":{"line":84,"column":66}},"type":"binary-expr","locations":[{"start":{"line":84,"column":8},"end":{"line":84,"column":25}},{"start":{"line":84,"column":29},"end":{"line":84,"column":66}}],"line":84},"19":{"loc":{"start":{"line":92,"column":8},"end":{"line":97,"column":9}},"type":"if","locations":[{"start":{"line":92,"column":8},"end":{"line":97,"column":9}},{"start":{"line":92,"column":8},"end":{"line":97,"column":9}}],"line":92},"20":{"loc":{"start":{"line":100,"column":12},"end":{"line":115,"column":13}},"type":"if","locations":[{"start":{"line":100,"column":12},"end":{"line":115,"column":13}},{"start":{"line":100,"column":12},"end":{"line":115,"column":13}}],"line":100},"21":{"loc":{"start":{"line":104,"column":16},"end":{"line":113,"column":17}},"type":"if","locations":[{"start":{"line":104,"column":16},"end":{"line":113,"column":17}},{"start":{"line":104,"column":16},"end":{"line":113,"column":17}}],"line":104},"22":{"loc":{"start":{"line":104,"column":20},"end":{"line":104,"column":58}},"type":"binary-expr","locations":[{"start":{"line":104,"column":20},"end":{"line":104,"column":38}},{"start":{"line":104,"column":42},"end":{"line":104,"column":58}}],"line":104}},"s":{"0":5,"1":5,"2":17,"3":17,"4":11,"5":11,"6":11,"7":1,"8":10,"9":10,"10":29,"11":8,"12":4,"13":4,"14":1,"15":3,"16":2,"17":2,"18":34,"19":3,"20":31,"21":30,"22":9,"23":1,"24":21,"25":9,"26":1,"27":8,"28":7,"29":7,"30":1,"31":1,"32":6,"33":6,"34":6,"35":6,"36":1,"37":5,"38":5,"39":5,"40":2,"41":3,"42":3,"43":3,"44":12,"45":4,"46":8,"47":12,"48":12,"49":28,"50":24,"51":24,"52":16,"53":16,"54":16,"55":8,"56":8,"57":8,"58":24,"59":3,"60":5,"61":5,"62":5,"63":5},"f":{"0":17,"1":11,"2":34,"3":9},"b":{"0":[1,10],"1":[8,21],"2":[4,4],"3":[1,3],"4":[4,3],"5":[3,31],"6":[34,34,32,32],"7":[30,1],"8":[31,30,30,30],"9":[9,21],"10":[30,30,18],"11":[1,8],"12":[9,9,9,9,8,8,8,8],"13":[7,1],"14":[1,6],"15":[7,7,7],"16":[1,5],"17":[2,3],"18":[5,5],"19":[4,8],"20":[24,4],"21":[16,8],"22":[24,14]},"_coverageSchema":"1a1c01bbd47fc00a2c39e90264f33305004495a9","hash":"7949b82c9785dd064d69408c2f3a1942f11e3ed4"}
,"C:\\Users\\User\\Desktop\\Soccer-association-project\\project\\routes\\utils\\seasons_utils.js": {"path":"C:\\Users\\User\\Desktop\\Soccer-association-project\\project\\routes\\utils\\seasons_utils.js","statementMap":{"0":{"start":{"line":2,"column":16},"end":{"line":2,"column":36}},"1":{"start":{"line":16,"column":6},"end":{"line":16,"column":139}},"2":{"start":{"line":18,"column":2},"end":{"line":18,"column":24}},"3":{"start":{"line":25,"column":0},"end":{"line":25,"column":42}}},"fnMap":{"0":{"name":"getSeasonPolicy","decl":{"start":{"line":14,"column":15},"end":{"line":14,"column":30}},"loc":{"start":{"line":14,"column":55},"end":{"line":19,"column":1}},"line":14}},"branchMap":{},"s":{"0":2,"1":6,"2":6,"3":2},"f":{"0":6},"b":{},"_coverageSchema":"1a1c01bbd47fc00a2c39e90264f33305004495a9","hash":"f3cbf11def01b6ba6d1b8fce52a63441770d42f9"}
,"C:\\Users\\User\\Desktop\\Soccer-association-project\\project\\routes\\utils\\teams_utils.js": {"path":"C:\\Users\\User\\Desktop\\Soccer-association-project\\project\\routes\\utils\\teams_utils.js","statementMap":{"0":{"start":{"line":1,"column":16},"end":{"line":1,"column":36}},"1":{"start":{"line":5,"column":8},"end":{"line":5,"column":89}},"2":{"start":{"line":7,"column":4},"end":{"line":7,"column":19}},"3":{"start":{"line":10,"column":0},"end":{"line":10,"column":28}}},"fnMap":{"0":{"name":"getTeams","decl":{"start":{"line":3,"column":15},"end":{"line":3,"column":23}},"loc":{"start":{"line":3,"column":35},"end":{"line":8,"column":1}},"line":3}},"branchMap":{},"s":{"0":3,"1":12,"2":12,"3":3},"f":{"0":12},"b":{},"_coverageSchema":"1a1c01bbd47fc00a2c39e90264f33305004495a9","hash":"00dd3a543edd41b068ba7835c5dee7eeade3426f"}
}
