{"C:\\Users\\User\\Desktop\\Soccer-association-project\\project\\tests\\cloneArray.js": {"path":"C:\\Users\\User\\Desktop\\Soccer-association-project\\project\\tests\\cloneArray.js","statementMap":{"0":{"start":{"line":2,"column":4},"end":{"line":2,"column":22}},"1":{"start":{"line":5,"column":0},"end":{"line":5,"column":28}}},"fnMap":{"0":{"name":"cloneArray","decl":{"start":{"line":1,"column":9},"end":{"line":1,"column":19}},"loc":{"start":{"line":1,"column":27},"end":{"line":3,"column":3}},"line":1}},"branchMap":{},"s":{"0":2,"1":1},"f":{"0":2},"b":{},"_coverageSchema":"1a1c01bbd47fc00a2c39e90264f33305004495a9","hash":"474c2b05dacb4e2a1382a7d331afbf73da25f663"}
,"C:\\Users\\User\\Desktop\\Soccer-association-project\\project\\tests\\sum.js": {"path":"C:\\Users\\User\\Desktop\\Soccer-association-project\\project\\tests\\sum.js","statementMap":{"0":{"start":{"line":2,"column":4},"end":{"line":2,"column":17}},"1":{"start":{"line":4,"column":2},"end":{"line":4,"column":23}}},"fnMap":{"0":{"name":"sum","decl":{"start":{"line":1,"column":9},"end":{"line":1,"column":12}},"loc":{"start":{"line":1,"column":19},"end":{"line":3,"column":3}},"line":1}},"branchMap":{},"s":{"0":1,"1":1},"f":{"0":1},"b":{},"_coverageSchema":"1a1c01bbd47fc00a2c39e90264f33305004495a9","hash":"e92d83fe5f5c0c9dc89a8d77e67b8a1627b6c0e7"}
}
