TN:
SF:project\main.js
FN:86,(anonymous_0)
FN:91,(anonymous_1)
FNF:2
FNH:2
FNDA:15,(anonymous_0)
FNDA:1,(anonymous_1)
DA:2,1
DA:5,1
DA:8,1
DA:9,1
DA:10,1
DA:11,1
DA:12,1
DA:14,1
DA:15,1
DA:16,1
DA:17,1
DA:30,1
DA:31,1
DA:35,1
DA:41,1
DA:47,1
DA:48,1
DA:50,1
DA:52,1
DA:53,1
DA:54,1
DA:55,1
DA:56,1
DA:80,1
DA:81,1
DA:82,1
DA:83,1
DA:84,1
DA:86,1
DA:87,15
DA:88,15
DA:91,1
DA:92,1
DA:101,1
LF:34
LH:34
BRDA:50,0,0,1
BRDA:50,0,1,1
BRDA:88,1,0,15
BRDA:88,1,1,0
BRF:4
BRH:3
end_of_record
TN:
SF:project\routes\auth.js
FN:176,(anonymous_0)
FN:199,(anonymous_1)
FNF:2
FNH:2
FNDA:20,(anonymous_0)
FNDA:1,(anonymous_1)
DA:1,1
DA:2,1
DA:3,1
DA:4,1
DA:5,1
DA:176,1
DA:177,20
DA:178,20
DA:180,20
DA:184,20
DA:185,3
DA:189,17
DA:192,17
DA:194,3
DA:199,1
DA:200,1
DA:201,1
DA:204,1
LF:18
LH:18
BRDA:184,0,0,3
BRDA:184,0,1,17
BRDA:184,1,0,20
BRDA:184,1,1,18
BRF:4
BRH:4
end_of_record
TN:
SF:project\routes\league.js
FNF:0
FNH:0
DA:1,1
DA:2,1
DA:14,1
LF:3
LH:3
BRF:0
BRH:0
end_of_record
TN:
SF:project\routes\representive_manager.js
FN:14,(anonymous_0)
FN:17,(anonymous_1)
FN:23,(anonymous_2)
FN:29,(anonymous_3)
FN:82,(anonymous_4)
FNF:5
FNH:4
FNDA:16,(anonymous_0)
FNDA:16,(anonymous_1)
FNDA:0,(anonymous_2)
FNDA:11,(anonymous_3)
FNDA:5,(anonymous_4)
DA:1,1
DA:2,1
DA:3,1
DA:5,1
DA:6,1
DA:7,1
DA:8,1
DA:10,1
DA:14,1
DA:15,16
DA:16,16
DA:18,16
DA:19,16
DA:22,0
DA:23,0
DA:25,0
DA:29,1
DA:31,11
DA:33,11
DA:34,11
DA:35,11
DA:37,11
DA:38,1
DA:40,10
DA:41,2
DA:43,8
DA:44,1
DA:46,7
DA:47,7
DA:48,1
DA:50,6
DA:51,6
DA:52,6
DA:53,6
DA:54,6
DA:55,1
DA:58,5
DA:59,1
DA:62,4
DA:64,4
DA:65,4
DA:66,1
DA:67,3
DA:68,1
DA:69,2
DA:70,1
DA:74,1
DA:77,10
DA:82,1
DA:83,5
DA:84,5
DA:87,5
DA:88,5
DA:89,5
DA:90,1
DA:92,4
DA:93,4
DA:94,4
DA:95,1
DA:98,3
DA:99,2
DA:101,1
DA:102,1
DA:104,3
DA:105,2
DA:107,1
DA:109,2
DA:114,1
LF:68
LH:65
BRDA:15,0,0,16
BRDA:15,0,1,0
BRDA:15,1,0,16
BRDA:15,1,1,16
BRDA:18,2,0,16
BRDA:18,2,1,0
BRDA:37,3,0,1
BRDA:37,3,1,10
BRDA:37,4,0,11
BRDA:37,4,1,10
BRDA:37,4,2,10
BRDA:40,5,0,2
BRDA:40,5,1,8
BRDA:40,6,0,10
BRDA:40,6,1,9
BRDA:40,6,2,8
BRDA:43,7,0,1
BRDA:43,7,1,7
BRDA:47,8,0,1
BRDA:47,8,1,6
BRDA:54,9,0,1
BRDA:54,9,1,5
BRDA:58,10,0,1
BRDA:58,10,1,4
BRDA:58,11,0,5
BRDA:58,11,1,4
BRDA:58,11,2,4
BRDA:65,12,0,1
BRDA:65,12,1,3
BRDA:67,13,0,1
BRDA:67,13,1,2
BRDA:69,14,0,1
BRDA:69,14,1,1
BRDA:89,15,0,1
BRDA:89,15,1,4
BRDA:94,16,0,1
BRDA:94,16,1,3
BRDA:98,17,0,2
BRDA:98,17,1,1
BRDA:101,18,0,1
BRDA:101,18,1,0
BRDA:104,19,0,2
BRDA:104,19,1,1
BRF:43
BRH:40
end_of_record
TN:
SF:project\routes\teams.js
FNF:0
FNH:0
DA:1,1
DA:2,1
DA:17,1
LF:3
LH:3
BRF:0
BRH:0
end_of_record
TN:
SF:project\routes\users.js
FNF:0
FNH:0
DA:1,1
DA:2,1
DA:56,1
LF:3
LH:3
BRF:0
BRH:0
end_of_record
TN:
SF:project\routes\utils\DButils.js
FN:17,(anonymous_0)
FNF:1
FNH:1
FNDA:167,(anonymous_0)
DA:1,7
DA:2,7
DA:4,7
DA:14,7
DA:15,7
DA:17,7
DA:18,167
DA:19,167
DA:20,167
DA:21,167
DA:23,0
DA:24,0
LF:12
LH:10
BRF:0
BRH:0
end_of_record
TN:
SF:project\routes\utils\authUtils.js
FN:8,existUsername
FNF:1
FNH:1
FNDA:25,existUsername
DA:1,3
DA:9,25
DA:10,2
DA:11,2
DA:13,23
DA:16,23
DA:17,19
DA:19,4
DA:23,3
LF:9
LH:9
BRDA:9,0,0,2
BRDA:9,0,1,23
BRDA:9,1,0,25
BRDA:9,1,1,24
BRDA:16,2,0,19
BRDA:16,2,1,4
BRF:6
BRH:6
end_of_record
TN:
SF:project\routes\utils\matches_utils.js
FN:8,getMatch
FN:27,getMatchesByseason
FN:46,setMatch
FNF:3
FNH:3
FNDA:11,getMatch
FNDA:7,getMatchesByseason
FNDA:27,setMatch
DA:1,5
DA:9,11
DA:10,3
DA:13,8
DA:18,8
DA:28,7
DA:29,1
DA:31,6
DA:33,6
DA:47,27
DA:49,1
DA:50,26
DA:53,25
DA:54,25
DA:55,25
DA:57,1
DA:61,5
DA:62,5
DA:63,5
LF:19
LH:19
BRDA:9,0,0,3
BRDA:9,0,1,8
BRDA:9,1,0,11
BRDA:9,1,1,11
BRDA:9,1,2,10
BRDA:28,2,0,1
BRDA:28,2,1,6
BRDA:28,3,0,7
BRDA:28,3,1,7
BRDA:28,3,2,6
BRDA:28,3,3,6
BRDA:47,4,0,1
BRDA:47,4,1,26
BRDA:47,5,0,27
BRDA:47,5,1,27
BRDA:47,5,2,26
BRDA:47,5,3,26
BRDA:47,5,4,26
BRDA:47,5,5,26
BRDA:47,5,6,26
BRDA:47,5,7,26
BRDA:47,5,8,26
BRDA:47,5,9,26
BRDA:47,5,10,26
BRDA:47,5,11,26
BRDA:50,6,0,25
BRDA:50,6,1,1
BRDA:50,7,0,26
BRDA:50,7,1,26
BRDA:50,7,2,25
BRDA:50,7,3,25
BRDA:50,7,4,25
BRDA:50,7,5,25
BRDA:50,7,6,25
BRF:34
BRH:34
end_of_record
TN:
SF:project\routes\utils\referee_utils.js
FN:8,getReferee
FNF:1
FNH:1
FNDA:35,getReferee
DA:1,2
DA:9,35
DA:10,1
DA:13,34
DA:17,34
DA:20,2
LF:6
LH:6
BRDA:9,0,0,1
BRDA:9,0,1,34
BRDA:9,1,0,35
BRDA:9,1,1,35
BRF:4
BRH:4
end_of_record
TN:
SF:project\routes\utils\representive_manager_utils.js
FN:8,getRFA
FN:27,addRefereesToMatch
FN:69,isRefereeBusy
FN:97,setByPolicy
FNF:4
FNH:4
FNDA:17,getRFA
FNDA:9,addRefereesToMatch
FNDA:22,isRefereeBusy
FNDA:9,setByPolicy
DA:1,5
DA:2,5
DA:9,17
DA:12,17
DA:29,9
DA:35,9
DA:39,9
DA:40,1
DA:43,8
DA:44,17
DA:45,6
DA:46,2
DA:47,4
DA:48,2
DA:50,2
DA:53,2
DA:58,2
DA:70,22
DA:71,3
DA:73,19
DA:74,18
DA:76,7
DA:80,1
DA:81,11
DA:98,9
DA:100,1
DA:101,8
DA:102,7
DA:103,7
DA:104,1
DA:107,1
DA:111,6
DA:112,6
DA:113,6
DA:114,6
DA:115,1
DA:117,5
DA:118,5
DA:119,5
DA:120,2
DA:123,3
DA:124,3
DA:126,3
DA:127,12
DA:128,4
DA:131,8
DA:133,12
DA:134,12
DA:135,28
DA:137,24
DA:139,24
DA:140,16
DA:141,16
DA:142,16
DA:145,8
DA:146,8
DA:147,8
DA:149,24
DA:153,3
DA:157,5
DA:158,5
DA:161,5
DA:162,5
LF:63
LH:63
BRDA:39,0,0,1
BRDA:39,0,1,8
BRDA:44,1,0,6
BRDA:44,1,1,11
BRDA:45,2,0,2
BRDA:45,2,1,4
BRDA:47,3,0,2
BRDA:47,3,1,2
BRDA:47,4,0,4
BRDA:47,4,1,2
BRDA:70,5,0,3
BRDA:70,5,1,19
BRDA:70,6,0,22
BRDA:70,6,1,22
BRDA:70,6,2,20
BRDA:70,6,3,20
BRDA:73,7,0,18
BRDA:73,7,1,1
BRDA:73,8,0,19
BRDA:73,8,1,18
BRDA:73,8,2,18
BRDA:73,8,3,18
BRDA:74,9,0,7
BRDA:74,9,1,11
BRDA:74,10,0,18
BRDA:74,10,1,18
BRDA:74,10,2,12
BRDA:98,11,0,1
BRDA:98,11,1,8
BRDA:98,12,0,9
BRDA:98,12,1,9
BRDA:98,12,2,9
BRDA:98,12,3,9
BRDA:98,12,4,8
BRDA:98,12,5,8
BRDA:98,12,6,8
BRDA:98,12,7,8
BRDA:101,13,0,7
BRDA:101,13,1,1
BRDA:103,14,0,1
BRDA:103,14,1,6
BRDA:103,15,0,7
BRDA:103,15,1,7
BRDA:103,15,2,7
BRDA:114,16,0,1
BRDA:114,16,1,5
BRDA:119,17,0,2
BRDA:119,17,1,3
BRDA:119,18,0,5
BRDA:119,18,1,5
BRDA:127,19,0,4
BRDA:127,19,1,8
BRDA:135,20,0,24
BRDA:135,20,1,4
BRDA:139,21,0,16
BRDA:139,21,1,8
BRDA:139,22,0,24
BRDA:139,22,1,14
BRF:58
BRH:58
end_of_record
TN:
SF:project\routes\utils\seasons_utils.js
FN:14,getSeasonPolicy
FNF:1
FNH:1
FNDA:7,getSeasonPolicy
DA:2,2
DA:16,7
DA:18,7
DA:25,2
LF:4
LH:4
BRF:0
BRH:0
end_of_record
TN:
SF:project\routes\utils\teams_utils.js
FN:3,getTeams
FNF:1
FNH:1
FNDA:13,getTeams
DA:1,3
DA:5,13
DA:7,13
DA:10,3
LF:4
LH:4
BRF:0
BRH:0
end_of_record
