TN:
SF:project\main.js
FN:60,(anonymous_0)
FN:63,(anonymous_1)
FN:64,(anonymous_2)
FN:69,(anonymous_3)
FN:77,(anonymous_4)
FN:86,(anonymous_5)
FN:91,(anonymous_6)
FNF:7
FNH:3
FNDA:30,(anonymous_0)
FNDA:0,(anonymous_1)
FNDA:0,(anonymous_2)
FNDA:0,(anonymous_3)
FNDA:0,(anonymous_4)
FNDA:10,(anonymous_5)
FNDA:1,(anonymous_6)
DA:2,2
DA:5,2
DA:8,2
DA:9,2
DA:10,2
DA:11,2
DA:12,2
DA:14,2
DA:15,2
DA:16,2
DA:17,2
DA:30,2
DA:31,2
DA:35,2
DA:41,2
DA:47,2
DA:48,2
DA:50,2
DA:52,2
DA:53,2
DA:54,2
DA:55,2
DA:56,2
DA:60,2
DA:61,30
DA:62,0
DA:64,0
DA:65,0
DA:67,0
DA:69,0
DA:71,30
DA:77,2
DA:80,2
DA:81,2
DA:82,2
DA:83,2
DA:84,2
DA:86,2
DA:87,10
DA:88,10
DA:91,2
DA:92,1
DA:101,2
LF:43
LH:38
BRDA:50,0,0,2
BRDA:50,0,1,2
BRDA:61,1,0,0
BRDA:61,1,1,30
BRDA:61,2,0,30
BRDA:61,2,1,30
BRDA:64,3,0,0
BRDA:64,3,1,0
BRDA:88,4,0,10
BRDA:88,4,1,0
BRF:10
BRH:6
end_of_record
TN:
SF:project\routes\auth.js
FN:176,(anonymous_0)
FN:202,(anonymous_1)
FNF:2
FNH:2
FNDA:11,(anonymous_0)
FNDA:9,(anonymous_1)
DA:1,2
DA:2,2
DA:3,2
DA:4,2
DA:176,2
DA:177,11
DA:178,11
DA:184,11
DA:188,11
DA:189,1
DA:193,10
DA:196,10
DA:198,1
DA:202,2
DA:203,9
DA:204,9
DA:207,2
LF:17
LH:17
BRDA:188,0,0,1
BRDA:188,0,1,10
BRDA:188,1,0,11
BRDA:188,1,1,10
BRF:4
BRH:4
end_of_record
TN:
SF:project\routes\league.js
FNF:0
FNH:0
DA:1,2
DA:2,2
DA:14,2
LF:3
LH:3
BRF:0
BRH:0
end_of_record
TN:
SF:project\routes\representive_manager.js
FN:12,(anonymous_0)
FN:15,(anonymous_1)
FN:21,(anonymous_2)
FN:27,(anonymous_3)
FN:80,(anonymous_4)
FN:108,setByPolicy
FNF:6
FNH:3
FNDA:10,(anonymous_0)
FNDA:10,(anonymous_1)
FNDA:0,(anonymous_2)
FNDA:10,(anonymous_3)
FNDA:0,(anonymous_4)
FNDA:0,setByPolicy
DA:1,2
DA:2,2
DA:3,2
DA:4,2
DA:5,2
DA:6,2
DA:8,2
DA:12,2
DA:13,10
DA:14,10
DA:16,10
DA:17,10
DA:20,0
DA:21,0
DA:23,0
DA:27,2
DA:29,10
DA:31,10
DA:32,10
DA:33,10
DA:35,10
DA:36,1
DA:38,9
DA:39,2
DA:41,7
DA:42,0
DA:44,7
DA:45,7
DA:46,1
DA:48,6
DA:49,6
DA:50,6
DA:51,6
DA:53,6
DA:54,1
DA:57,5
DA:58,1
DA:61,4
DA:62,4
DA:63,4
DA:64,1
DA:65,3
DA:66,1
DA:67,2
DA:68,1
DA:69,1
DA:70,0
DA:72,1
DA:75,9
DA:80,2
DA:81,0
DA:82,0
DA:83,0
DA:84,0
DA:85,0
DA:87,0
DA:88,0
DA:89,0
DA:90,0
DA:93,0
DA:94,0
DA:97,0
DA:99,0
DA:100,0
DA:102,0
DA:104,0
DA:110,0
DA:111,0
DA:112,0
DA:113,0
DA:114,0
DA:116,0
DA:117,0
DA:118,0
DA:119,0
DA:122,0
DA:123,0
DA:125,0
DA:126,0
DA:127,0
DA:130,0
DA:132,0
DA:133,0
DA:134,0
DA:136,0
DA:138,0
DA:139,0
DA:140,0
DA:141,0
DA:144,0
DA:145,0
DA:146,0
DA:148,0
DA:152,0
DA:154,2
DA:155,2
LF:96
LH:47
BRDA:13,0,0,10
BRDA:13,0,1,0
BRDA:13,1,0,10
BRDA:13,1,1,10
BRDA:16,2,0,10
BRDA:16,2,1,0
BRDA:35,3,0,1
BRDA:35,3,1,9
BRDA:35,4,0,10
BRDA:35,4,1,9
BRDA:35,4,2,9
BRDA:38,5,0,2
BRDA:38,5,1,7
BRDA:38,6,0,9
BRDA:38,6,1,8
BRDA:38,6,2,7
BRDA:41,7,0,0
BRDA:41,7,1,7
BRDA:45,8,0,1
BRDA:45,8,1,6
BRDA:53,9,0,1
BRDA:53,9,1,5
BRDA:57,10,0,1
BRDA:57,10,1,4
BRDA:57,11,0,5
BRDA:57,11,1,4
BRDA:57,11,2,4
BRDA:63,12,0,1
BRDA:63,12,1,3
BRDA:65,13,0,1
BRDA:65,13,1,2
BRDA:67,14,0,1
BRDA:67,14,1,1
BRDA:69,15,0,0
BRDA:69,15,1,1
BRDA:84,16,0,0
BRDA:84,16,1,0
BRDA:89,17,0,0
BRDA:89,17,1,0
BRDA:93,18,0,0
BRDA:93,18,1,0
BRDA:99,19,0,0
BRDA:99,19,1,0
BRDA:113,20,0,0
BRDA:113,20,1,0
BRDA:118,21,0,0
BRDA:118,21,1,0
BRDA:118,22,0,0
BRDA:118,22,1,0
BRDA:126,23,0,0
BRDA:126,23,1,0
BRDA:134,24,0,0
BRDA:134,24,1,0
BRDA:138,25,0,0
BRDA:138,25,1,0
BRDA:138,26,0,0
BRDA:138,26,1,0
BRF:57
BRH:31
end_of_record
TN:
SF:project\routes\teams.js
FNF:0
FNH:0
DA:1,2
DA:2,2
DA:3,2
DA:17,2
LF:4
LH:4
BRF:0
BRH:0
end_of_record
TN:
SF:project\routes\users.js
FNF:0
FNH:0
DA:1,2
DA:2,2
DA:56,2
LF:3
LH:3
BRF:0
BRH:0
end_of_record
TN:
SF:project\routes\utils\DButils.js
FN:17,(anonymous_0)
FNF:1
FNH:1
FNDA:129,(anonymous_0)
DA:1,5
DA:2,5
DA:4,5
DA:14,5
DA:15,5
DA:17,5
DA:18,129
DA:19,129
DA:20,129
DA:21,129
DA:23,0
DA:24,0
LF:12
LH:10
BRF:0
BRH:0
end_of_record
TN:
SF:project\routes\utils\matches_utils.js
FN:3,getMatch
FN:23,getMatchesByseason
FN:30,setMatch
FNF:3
FNH:3
FNDA:11,getMatch
FNDA:2,getMatchesByseason
FNDA:2,setMatch
DA:1,4
DA:4,11
DA:5,3
DA:8,8
DA:13,8
DA:25,2
DA:27,2
DA:31,2
DA:33,0
DA:34,2
DA:35,2
DA:36,1
DA:37,1
DA:38,1
DA:39,1
DA:40,1
DA:41,1
DA:42,1
DA:46,0
DA:47,1
DA:51,4
DA:53,4
DA:54,4
LF:23
LH:21
BRDA:4,0,0,3
BRDA:4,0,1,8
BRDA:4,1,0,11
BRDA:4,1,1,11
BRDA:4,1,2,10
BRDA:31,2,0,0
BRDA:31,2,1,2
BRDA:31,3,0,2
BRDA:31,3,1,2
BRDA:31,3,2,2
BRDA:31,3,3,2
BRDA:31,3,4,2
BRDA:31,3,5,2
BRDA:31,3,6,2
BRDA:31,3,7,2
BRDA:31,3,8,2
BRDA:31,3,9,2
BRDA:31,3,10,2
BRDA:31,3,11,2
BRDA:34,4,0,2
BRDA:34,4,1,0
BRDA:35,5,0,1
BRDA:35,5,1,1
BRDA:35,6,0,2
BRDA:35,6,1,1
BRDA:36,7,0,1
BRDA:36,7,1,0
BRDA:38,8,0,1
BRDA:38,8,1,0
BRDA:38,9,0,1
BRDA:38,9,1,1
BRDA:39,10,0,1
BRDA:39,10,1,0
BRF:33
BRH:28
end_of_record
TN:
SF:project\routes\utils\players_utils.js
FNF:0
FNH:0
LF:0
LH:0
BRF:0
BRH:0
end_of_record
TN:
SF:project\routes\utils\referee_utils.js
FN:3,getReferee
FNF:1
FNH:1
FNDA:32,getReferee
DA:1,3
DA:4,32
DA:5,1
DA:8,31
DA:12,31
DA:15,3
LF:6
LH:6
BRDA:4,0,0,1
BRDA:4,0,1,31
BRDA:4,1,0,32
BRDA:4,1,1,32
BRF:4
BRH:4
end_of_record
TN:
SF:project\routes\utils\representive_manager_utils.js
FN:3,getRFA
FN:10,addRefereesToMatch
FN:44,isRefereeBusy
FNF:3
FNH:3
FNDA:11,getRFA
FNDA:13,addRefereesToMatch
FNDA:35,isRefereeBusy
DA:1,4
DA:4,11
DA:7,11
DA:12,13
DA:18,13
DA:21,13
DA:22,5
DA:26,8
DA:27,30
DA:28,6
DA:29,4
DA:30,2
DA:31,1
DA:33,1
DA:36,2
DA:41,2
DA:45,35
DA:46,3
DA:48,32
DA:49,31
DA:51,7
DA:55,1
DA:56,24
DA:64,4
DA:65,4
DA:68,4
LF:26
LH:26
BRDA:21,0,0,5
BRDA:21,0,1,8
BRDA:27,1,0,6
BRDA:27,1,1,24
BRDA:28,2,0,4
BRDA:28,2,1,2
BRDA:30,3,0,1
BRDA:30,3,1,1
BRDA:30,4,0,2
BRDA:30,4,1,1
BRDA:45,5,0,3
BRDA:45,5,1,32
BRDA:45,6,0,35
BRDA:45,6,1,35
BRDA:45,6,2,33
BRDA:45,6,3,33
BRDA:48,7,0,31
BRDA:48,7,1,1
BRDA:48,8,0,32
BRDA:48,8,1,31
BRDA:48,8,2,31
BRDA:48,8,3,31
BRDA:49,9,0,7
BRDA:49,9,1,24
BRDA:49,10,0,31
BRDA:49,10,1,31
BRDA:49,10,2,13
BRF:27
BRH:27
end_of_record
TN:
SF:project\routes\utils\seasons_utils.js
FN:14,getSeasonPolicy
FNF:1
FNH:1
FNDA:1,getSeasonPolicy
DA:2,3
DA:16,1
DA:18,1
DA:25,3
LF:4
LH:4
BRF:0
BRH:0
end_of_record
TN:
SF:project\routes\utils\teams_utils.js
FN:3,getTeams
FNF:1
FNH:1
FNDA:1,getTeams
DA:1,3
DA:5,1
DA:7,1
DA:10,3
LF:4
LH:4
BRF:0
BRH:0
end_of_record
